#
# There is insufficient memory for the Java Runtime Environment to continue.
# Native memory allocation (malloc) failed to allocate 494160 bytes for Chunk::new
# Possible reasons:
#   The system is out of physical RAM or swap space
#   In 32 bit mode, the process size limit was hit
# Possible solutions:
#   Reduce memory load on the system
#   Increase physical memory or swap space
#   Check if swap backing store is full
#   Use 64 bit Java on a 64 bit OS
#   Decrease Java heap size (-Xmx/-Xms)
#   Decrease number of Java threads
#   Decrease Java thread stack sizes (-Xss)
#   Set larger code cache with -XX:ReservedCodeCacheSize=
# This output file may be truncated or incomplete.
#
#  Out of Memory Error (allocation.cpp:390), pid=16968, tid=0x00000000000016e4
#
# JRE version: Java(TM) SE Runtime Environment (8.0_121-b13) (build 1.8.0_121-b13)
# Java VM: Java HotSpot(TM) 64-Bit Server VM (25.121-b13 mixed mode windows-amd64 compressed oops)
# Failed to write core dump. Minidumps are not enabled by default on client versions of Windows
#

---------------  T H R E A D  ---------------

Current thread (0x0000000017932800):  JavaThread "C2 CompilerThread1" daemon [_thread_in_native, id=5860, stack(0x00000000180a0000,0x00000000181a0000)]

Stack: [0x00000000180a0000,0x00000000181a0000]
[error occurred during error reporting (printing stack bounds), id 0xc0000005]

Native frames: (J=compiled Java code, j=interpreted, Vv=VM code, C=native code)


Current CompileTask:
C2:  12913 4760       4       java.lang.ClassLoader::defineClass (43 bytes)


---------------  P R O C E S S  ---------------

Java Threads: ( => current thread )
  0x000000001b358800 JavaThread "File lock request listener" [_thread_in_native, id=8860, stack(0x000000001cd70000,0x000000001ce70000)]
  0x0000000019568800 JavaThread "Stdin handler" [_thread_blocked, id=2832, stack(0x000000001a4d0000,0x000000001a5d0000)]
  0x0000000019570800 JavaThread "Daemon worker" [_thread_blocked, id=16732, stack(0x000000001a3d0000,0x000000001a4d0000)]
  0x000000001956f800 JavaThread "Cancel handler" [_thread_blocked, id=15492, stack(0x000000001a2d0000,0x000000001a3d0000)]
  0x00000000194ad000 JavaThread "Handler for socket connection from /127.0.0.1:13946 to /127.0.0.1:13947" [_thread_in_native, id=6188, stack(0x000000001a1d0000,0x000000001a2d0000)]
  0x00000000194aa800 JavaThread "Daemon" [_thread_blocked, id=14596, stack(0x000000001a0d0000,0x000000001a1d0000)]
  0x0000000019444800 JavaThread "Incoming local TCP Connector on port 13946" [_thread_in_native, id=14704, stack(0x0000000019d70000,0x0000000019e70000)]
  0x00000000179d0800 JavaThread "Service Thread" daemon [_thread_blocked, id=9452, stack(0x00000000183a0000,0x00000000184a0000)]
  0x000000001793c800 JavaThread "C1 CompilerThread3" daemon [_thread_in_native, id=17184, stack(0x00000000182a0000,0x00000000183a0000)]
  0x0000000017937800 JavaThread "C2 CompilerThread2" daemon [_thread_in_native, id=2240, stack(0x00000000181a0000,0x00000000182a0000)]
=>0x0000000017932800 JavaThread "C2 CompilerThread1" daemon [_thread_in_native, id=5860, stack(0x00000000180a0000,0x00000000181a0000)]
  0x000000001792f800 JavaThread "C2 CompilerThread0" daemon [_thread_in_native, id=11292, stack(0x0000000017fa0000,0x00000000180a0000)]
  0x000000001792d000 JavaThread "Attach Listener" daemon [_thread_blocked, id=7672, stack(0x0000000017ea0000,0x0000000017fa0000)]
  0x000000001792c000 JavaThread "Signal Dispatcher" daemon [_thread_blocked, id=17236, stack(0x0000000017da0000,0x0000000017ea0000)]
  0x00000000178c0800 JavaThread "Finalizer" daemon [_thread_blocked, id=16488, stack(0x0000000017ca0000,0x0000000017da0000)]
  0x0000000002ea7000 JavaThread "Reference Handler" daemon [_thread_blocked, id=13444, stack(0x00000000177a0000,0x00000000178a0000)]
  0x0000000002db2800 JavaThread "main" [_thread_blocked, id=17180, stack(0x0000000002c00000,0x0000000002d00000)]

Other Threads:
  0x00000000159c9800 VMThread [stack: 0x00000000176a0000,0x00000000177a0000] [id=16540]
  0x0000000017a2c800 WatcherThread [stack: 0x00000000184a0000,0x00000000185a0000] [id=15688]

VM state:not at safepoint (normal execution)

VM Mutex/Monitor currently owned by a thread: None

Heap:
 PSYoungGen      total 119808K, used 22462K [0x00000000eab00000, 0x00000000f3180000, 0x0000000100000000)
  eden space 110080K, 11% used [0x00000000eab00000,0x00000000eb7b0a90,0x00000000f1680000)
  from space 9728K, 97% used [0x00000000f2800000,0x00000000f313edc8,0x00000000f3180000)
  to   space 13312K, 0% used [0x00000000f1780000,0x00000000f1780000,0x00000000f2480000)
 ParOldGen       total 89600K, used 21748K [0x00000000c0000000, 0x00000000c5780000, 0x00000000eab00000)
  object space 89600K, 24% used [0x00000000c0000000,0x00000000c153d2d8,0x00000000c5780000)
 Metaspace       used 41255K, capacity 42098K, committed 42368K, reserved 1085440K
  class space    used 5710K, capacity 5907K, committed 6016K, reserved 1048576K

Card table byte_map: [0x0000000012270000,0x0000000012480000] byte_map_base: 0x0000000011c70000

Marking Bits: (ParMarkBitMap*) 0x00000000692fb6d0
 Begin Bits: [0x0000000012de0000, 0x0000000013de0000)
 End Bits:   [0x0000000013de0000, 0x0000000014de0000)

Polling page: 0x00000000027f0000

CodeCache: size=245760Kb used=16108Kb max_used=16108Kb free=229651Kb
 bounds [0x0000000002eb0000, 0x0000000003e80000, 0x0000000011eb0000]
 total_blobs=5021 nmethods=4327 adapters=605
 compilation: enabled

Compilation events (10 events):
Event: 12.874 Thread 0x000000001793c800 4808       3       groovyjarjarasm.asm.ByteVector::putInt (74 bytes)
Event: 12.875 Thread 0x000000001793c800 nmethod 4808 0x0000000003e5dbd0 code [0x0000000003e5dd40, 0x0000000003e5dfc8]
Event: 12.875 Thread 0x000000001793c800 4809       3       groovyjarjarasm.asm.Type::a (214 bytes)
Event: 12.878 Thread 0x000000001793c800 nmethod 4809 0x0000000003e70e90 code [0x0000000003e712a0, 0x0000000003e74168]
Event: 12.881 Thread 0x000000001793c800 4810       3       groovyjarjarasm.asm.MethodWriter::visitLabel (281 bytes)
Event: 12.881 Thread 0x000000001793c800 nmethod 4810 0x0000000003e76110 code [0x0000000003e762c0, 0x0000000003e76a88]
Event: 12.881 Thread 0x000000001793c800 4811       3       groovyjarjarasm.asm.MethodWriter::visitMethodInsn (220 bytes)
Event: 12.882 Thread 0x000000001793c800 nmethod 4811 0x0000000003e76cd0 code [0x0000000003e76ec0, 0x0000000003e77548]
Event: 12.882 Thread 0x000000001793c800 4812       3       groovyjarjarasm.asm.ClassWriter::a (91 bytes)
Event: 12.883 Thread 0x000000001793c800 nmethod 4812 0x0000000003e778d0 code [0x0000000003e77ac0, 0x0000000003e78138]

GC Heap History (10 events):
Event: 8.842 GC heap before
{Heap before GC invocations=8 (full 1):
 PSYoungGen      total 60928K, used 56157K [0x00000000eab00000, 0x00000000ef380000, 0x0000000100000000)
  eden space 51712K, 100% used [0x00000000eab00000,0x00000000edd80000,0x00000000edd80000)
  from space 9216K, 48% used [0x00000000eea80000,0x00000000eeed75c8,0x00000000ef380000)
  to   space 11264K, 0% used [0x00000000edd80000,0x00000000edd80000,0x00000000ee880000)
 ParOldGen       total 60416K, used 10547K [0x00000000c0000000, 0x00000000c3b00000, 0x00000000eab00000)
  object space 60416K, 17% used [0x00000000c0000000,0x00000000c0a4cde0,0x00000000c3b00000)
 Metaspace       used 28157K, capacity 28614K, committed 28800K, reserved 1075200K
  class space    used 3797K, capacity 3949K, committed 3968K, reserved 1048576K
Event: 8.856 GC heap after
Heap after GC invocations=8 (full 1):
 PSYoungGen      total 62976K, used 5367K [0x00000000eab00000, 0x00000000f1000000, 0x0000000100000000)
  eden space 51712K, 0% used [0x00000000eab00000,0x00000000eab00000,0x00000000edd80000)
  from space 11264K, 47% used [0x00000000edd80000,0x00000000ee2bdec8,0x00000000ee880000)
  to   space 10752K, 0% used [0x00000000f0580000,0x00000000f0580000,0x00000000f1000000)
 ParOldGen       total 60416K, used 10555K [0x00000000c0000000, 0x00000000c3b00000, 0x00000000eab00000)
  object space 60416K, 17% used [0x00000000c0000000,0x00000000c0a4ede0,0x00000000c3b00000)
 Metaspace       used 28157K, capacity 28614K, committed 28800K, reserved 1075200K
  class space    used 3797K, capacity 3949K, committed 3968K, reserved 1048576K
}
Event: 10.410 GC heap before
{Heap before GC invocations=9 (full 1):
 PSYoungGen      total 62976K, used 57079K [0x00000000eab00000, 0x00000000f1000000, 0x0000000100000000)
  eden space 51712K, 100% used [0x00000000eab00000,0x00000000edd80000,0x00000000edd80000)
  from space 11264K, 47% used [0x00000000edd80000,0x00000000ee2bdec8,0x00000000ee880000)
  to   space 10752K, 0% used [0x00000000f0580000,0x00000000f0580000,0x00000000f1000000)
 ParOldGen       total 60416K, used 10555K [0x00000000c0000000, 0x00000000c3b00000, 0x00000000eab00000)
  object space 60416K, 17% used [0x00000000c0000000,0x00000000c0a4ede0,0x00000000c3b00000)
 Metaspace       used 30883K, capacity 31472K, committed 31616K, reserved 1077248K
  class space    used 4173K, capacity 4370K, committed 4480K, reserved 1048576K
Event: 10.467 GC heap after
Heap after GC invocations=9 (full 1):
 PSYoungGen      total 92672K, used 7182K [0x00000000eab00000, 0x00000000f1480000, 0x0000000100000000)
  eden space 81920K, 0% used [0x00000000eab00000,0x00000000eab00000,0x00000000efb00000)
  from space 10752K, 66% used [0x00000000f0580000,0x00000000f0c83b10,0x00000000f1000000)
  to   space 10752K, 0% used [0x00000000efb00000,0x00000000efb00000,0x00000000f0580000)
 ParOldGen       total 60416K, used 10555K [0x00000000c0000000, 0x00000000c3b00000, 0x00000000eab00000)
  object space 60416K, 17% used [0x00000000c0000000,0x00000000c0a4ede0,0x00000000c3b00000)
 Metaspace       used 30883K, capacity 31472K, committed 31616K, reserved 1077248K
  class space    used 4173K, capacity 4370K, committed 4480K, reserved 1048576K
}
Event: 11.217 GC heap before
{Heap before GC invocations=10 (full 1):
 PSYoungGen      total 92672K, used 76750K [0x00000000eab00000, 0x00000000f1480000, 0x0000000100000000)
  eden space 81920K, 84% used [0x00000000eab00000,0x00000000eeef0020,0x00000000efb00000)
  from space 10752K, 66% used [0x00000000f0580000,0x00000000f0c83b10,0x00000000f1000000)
  to   space 10752K, 0% used [0x00000000efb00000,0x00000000efb00000,0x00000000f0580000)
 ParOldGen       total 60416K, used 10555K [0x00000000c0000000, 0x00000000c3b00000, 0x00000000eab00000)
  object space 60416K, 17% used [0x00000000c0000000,0x00000000c0a4ede0,0x00000000c3b00000)
 Metaspace       used 34655K, capacity 35330K, committed 35456K, reserved 1079296K
  class space    used 4698K, capacity 4878K, committed 4992K, reserved 1048576K
Event: 11.228 GC heap after
Heap after GC invocations=10 (full 1):
 PSYoungGen      total 92672K, used 10750K [0x00000000eab00000, 0x00000000f3500000, 0x0000000100000000)
  eden space 81920K, 0% used [0x00000000eab00000,0x00000000eab00000,0x00000000efb00000)
  from space 10752K, 99% used [0x00000000efb00000,0x00000000f057fa28,0x00000000f0580000)
  to   space 13312K, 0% used [0x00000000f2800000,0x00000000f2800000,0x00000000f3500000)
 ParOldGen       total 60416K, used 13851K [0x00000000c0000000, 0x00000000c3b00000, 0x00000000eab00000)
  object space 60416K, 22% used [0x00000000c0000000,0x00000000c0d86f80,0x00000000c3b00000)
 Metaspace       used 34655K, capacity 35330K, committed 35456K, reserved 1079296K
  class space    used 4698K, capacity 4878K, committed 4992K, reserved 1048576K
}
Event: 11.228 GC heap before
{Heap before GC invocations=11 (full 2):
 PSYoungGen      total 92672K, used 10750K [0x00000000eab00000, 0x00000000f3500000, 0x0000000100000000)
  eden space 81920K, 0% used [0x00000000eab00000,0x00000000eab00000,0x00000000efb00000)
  from space 10752K, 99% used [0x00000000efb00000,0x00000000f057fa28,0x00000000f0580000)
  to   space 13312K, 0% used [0x00000000f2800000,0x00000000f2800000,0x00000000f3500000)
 ParOldGen       total 60416K, used 13851K [0x00000000c0000000, 0x00000000c3b00000, 0x00000000eab00000)
  object space 60416K, 22% used [0x00000000c0000000,0x00000000c0d86f80,0x00000000c3b00000)
 Metaspace       used 34655K, capacity 35330K, committed 35456K, reserved 1079296K
  class space    used 4698K, capacity 4878K, committed 4992K, reserved 1048576K
Event: 11.314 GC heap after
Heap after GC invocations=11 (full 2):
 PSYoungGen      total 92672K, used 0K [0x00000000eab00000, 0x00000000f3500000, 0x0000000100000000)
  eden space 81920K, 0% used [0x00000000eab00000,0x00000000eab00000,0x00000000efb00000)
  from space 10752K, 0% used [0x00000000efb00000,0x00000000efb00000,0x00000000f0580000)
  to   space 13312K, 0% used [0x00000000f2800000,0x00000000f2800000,0x00000000f3500000)
 ParOldGen       total 89600K, used 21740K [0x00000000c0000000, 0x00000000c5780000, 0x00000000eab00000)
  object space 89600K, 24% used [0x00000000c0000000,0x00000000c153b2d8,0x00000000c5780000)
 Metaspace       used 34655K, capacity 35330K, committed 35456K, reserved 1079296K
  class space    used 4698K, capacity 4878K, committed 4992K, reserved 1048576K
}
Event: 12.773 GC heap before
{Heap before GC invocations=12 (full 2):
 PSYoungGen      total 92672K, used 81920K [0x00000000eab00000, 0x00000000f3500000, 0x0000000100000000)
  eden space 81920K, 100% used [0x00000000eab00000,0x00000000efb00000,0x00000000efb00000)
  from space 10752K, 0% used [0x00000000efb00000,0x00000000efb00000,0x00000000f0580000)
  to   space 13312K, 0% used [0x00000000f2800000,0x00000000f2800000,0x00000000f3500000)
 ParOldGen       total 89600K, used 21740K [0x00000000c0000000, 0x00000000c5780000, 0x00000000eab00000)
  object space 89600K, 24% used [0x00000000c0000000,0x00000000c153b2d8,0x00000000c5780000)
 Metaspace       used 40887K, capacity 41582K, committed 41728K, reserved 1085440K
  class space    used 5637K, capacity 5824K, committed 5888K, reserved 1048576K
Event: 12.781 GC heap after
Heap after GC invocations=12 (full 2):
 PSYoungGen      total 119808K, used 9467K [0x00000000eab00000, 0x00000000f3180000, 0x0000000100000000)
  eden space 110080K, 0% used [0x00000000eab00000,0x00000000eab00000,0x00000000f1680000)
  from space 9728K, 97% used [0x00000000f2800000,0x00000000f313edc8,0x00000000f3180000)
  to   space 13312K, 0% used [0x00000000f1780000,0x00000000f1780000,0x00000000f2480000)
 ParOldGen       total 89600K, used 21748K [0x00000000c0000000, 0x00000000c5780000, 0x00000000eab00000)
  object space 89600K, 24% used [0x00000000c0000000,0x00000000c153d2d8,0x00000000c5780000)
 Metaspace       used 40887K, capacity 41582K, committed 41728K, reserved 1085440K
  class space    used 5637K, capacity 5824K, committed 5888K, reserved 1048576K
}

Deoptimization events (10 events):
Event: 11.965 Thread 0x0000000019570800 Uncommon trap: reason=unstable_if action=reinterpret pc=0x0000000003b58900 method=java.util.Arrays.hashCode([Ljava/lang/Object;)I @ 34
Event: 12.050 Thread 0x0000000019570800 Uncommon trap: reason=predicate action=maybe_recompile pc=0x000000000376ec3c method=java.util.AbstractCollection.toArray([Ljava/lang/Object;)[Ljava/lang/Object; @ 49
Event: 12.141 Thread 0x0000000019570800 Uncommon trap: reason=array_check action=maybe_recompile pc=0x0000000003d8eaf0 method=java.util.AbstractCollection.toArray([Ljava/lang/Object;)[Ljava/lang/Object; @ 119
Event: 12.141 Thread 0x0000000019570800 Uncommon trap: reason=array_check action=maybe_recompile pc=0x0000000003d8eaf0 method=java.util.AbstractCollection.toArray([Ljava/lang/Object;)[Ljava/lang/Object; @ 119
Event: 12.142 Thread 0x0000000019570800 Uncommon trap: reason=array_check action=maybe_recompile pc=0x0000000003d8eaf0 method=java.util.AbstractCollection.toArray([Ljava/lang/Object;)[Ljava/lang/Object; @ 119
Event: 12.142 Thread 0x0000000019570800 Uncommon trap: reason=array_check action=maybe_recompile pc=0x0000000003d8eaf0 method=java.util.AbstractCollection.toArray([Ljava/lang/Object;)[Ljava/lang/Object; @ 119
Event: 12.276 Thread 0x0000000019570800 Uncommon trap: reason=class_check action=maybe_recompile pc=0x00000000036514c0 method=org.codehaus.groovy.reflection.ParameterTypes.getParametersTypes0()V @ 16
Event: 12.456 Thread 0x0000000019570800 Uncommon trap: reason=unstable_if action=reinterpret pc=0x0000000003c940fc method=groovy.lang.MetaClassImpl.filterPropertyMethod(Ljava/lang/Object;ZZ)Ljava/lang/Object; @ 62
Event: 12.791 Thread 0x0000000019570800 Uncommon trap: reason=unstable_if action=reinterpret pc=0x0000000003e1f630 method=org.objectweb.asm.Type.getType(Ljava/lang/Class;)Lorg/objectweb/asm/Type; @ 33
Event: 12.791 Thread 0x0000000019570800 Uncommon trap: reason=unstable_if action=reinterpret pc=0x00000000032c74fc method=org.objectweb.asm.Type.getArgumentsAndReturnSizes(Ljava/lang/String;)I @ 47

Internal exceptions (10 events):
Event: 12.848 Thread 0x0000000019570800 Exception <a 'java/lang/ClassNotFoundException': com/android/build/gradle/internal/tasks/InstallVariantTaskCustomizer> (0x00000000eb38daa8) thrown at [C:\re\workspace\8-2-build-windows-amd64-cygwin\jdk8u121\8372\hotspot\src\share\vm\classfile\systemDictio
Event: 12.849 Thread 0x0000000019570800 Exception <a 'java/lang/ClassNotFoundException': com/android/build/gradle/internal/tasks/InstallVariantTask_DecoratedCustomizer> (0x00000000eb3cf010) thrown at [C:\re\workspace\8-2-build-windows-amd64-cygwin\jdk8u121\8372\hotspot\src\share\vm\classfile\sy
Event: 12.858 Thread 0x0000000019570800 Exception <a 'java/lang/ClassNotFoundException': com/android/build/gradle/internal/tasks/UninstallTask_DecoratedBeanInfo> (0x00000000eb4fb5c0) thrown at [C:\re\workspace\8-2-build-windows-amd64-cygwin\jdk8u121\8372\hotspot\src\share\vm\classfile\systemDic
Event: 12.859 Thread 0x0000000019570800 Exception <a 'java/lang/ClassNotFoundException': com/android/build/gradle/internal/tasks/UninstallTaskBeanInfo> (0x00000000eb50d7c0) thrown at [C:\re\workspace\8-2-build-windows-amd64-cygwin\jdk8u121\8372\hotspot\src\share\vm\classfile\systemDictionary.cp
Event: 12.859 Thread 0x0000000019570800 Exception <a 'java/lang/ClassNotFoundException': com/android/build/gradle/internal/tasks/UninstallTaskCustomizer> (0x00000000eb51fd00) thrown at [C:\re\workspace\8-2-build-windows-amd64-cygwin\jdk8u121\8372\hotspot\src\share\vm\classfile\systemDictionary.
Event: 12.860 Thread 0x0000000019570800 Exception <a 'java/lang/ClassNotFoundException': com/android/build/gradle/internal/tasks/UninstallTask_DecoratedCustomizer> (0x00000000eb54a090) thrown at [C:\re\workspace\8-2-build-windows-amd64-cygwin\jdk8u121\8372\hotspot\src\share\vm\classfile\systemD
Event: 12.871 Thread 0x0000000019570800 Exception <a 'java/lang/ClassNotFoundException': com/android/build/gradle/tasks/Lint$ConfigActionBeanInfo> (0x00000000eb5dc768) thrown at [C:\re\workspace\8-2-build-windows-amd64-cygwin\jdk8u121\8372\hotspot\src\share\vm\classfile\systemDictionary.cpp, li
Event: 12.872 Thread 0x0000000019570800 Exception <a 'java/lang/ClassNotFoundException': com/android/build/gradle/tasks/Lint$ConfigActionCustomizer> (0x00000000eb5ecba8) thrown at [C:\re\workspace\8-2-build-windows-amd64-cygwin\jdk8u121\8372\hotspot\src\share\vm\classfile\systemDictionary.cpp, 
Event: 12.877 Thread 0x0000000019570800 Exception <a 'java/lang/ClassNotFoundException': com/android/build/gradle/internal/SdkHandlerBeanInfo> (0x00000000eb633c60) thrown at [C:\re\workspace\8-2-build-windows-amd64-cygwin\jdk8u121\8372\hotspot\src\share\vm\classfile\systemDictionary.cpp, line 2
Event: 12.877 Thread 0x0000000019570800 Exception <a 'java/lang/ClassNotFoundException': com/android/build/gradle/internal/SdkHandlerCustomizer> (0x00000000eb644860) thrown at [C:\re\workspace\8-2-build-windows-amd64-cygwin\jdk8u121\8372\hotspot\src\share\vm\classfile\systemDictionary.cpp, line

Events (10 events):
Event: 12.877 loading class com/android/build/gradle/internal/SdkHandlerCustomizer
Event: 12.877 loading class com/android/build/gradle/internal/SdkHandlerCustomizer done
Event: 12.877 loading class com/android/build/gradle/internal/SdkHandlerCustomizer
Event: 12.877 loading class com/android/build/gradle/internal/SdkHandlerCustomizer done
Event: 12.884 loading class org/codehaus/groovy/runtime/dgm$1049
Event: 12.884 loading class org/codehaus/groovy/runtime/dgm$1049 done
Event: 12.884 Executing VM operation: Deoptimize
Event: 12.885 Executing VM operation: Deoptimize done
Event: 12.885 loading class org/codehaus/groovy/runtime/callsite/PojoMetaMethodSite$PojoMetaMethodSiteNoUnwrapNoCoerce
Event: 12.885 loading class org/codehaus/groovy/runtime/callsite/PojoMetaMethodSite$PojoMetaMethodSiteNoUnwrapNoCoerce done


Dynamic libraries:
0x00007ff743970000 - 0x00007ff7439a7000 	C:\Program Files\Java\jdk1.8.0_121\bin\java.exe
0x00007ffe26700000 - 0x00007ffe268c1000 	C:\WINDOWS\SYSTEM32\ntdll.dll
0x00007ffe23940000 - 0x00007ffe239ed000 	C:\WINDOWS\system32\KERNEL32.DLL
0x00007ffe233e0000 - 0x00007ffe235c8000 	C:\WINDOWS\system32\KERNELBASE.dll
0x00007ffe24ad0000 - 0x00007ffe24b77000 	C:\WINDOWS\system32\ADVAPI32.dll
0x00007ffe249c0000 - 0x00007ffe24a5d000 	C:\WINDOWS\system32\msvcrt.dll
0x00007ffe24510000 - 0x00007ffe2456b000 	C:\WINDOWS\system32\sechost.dll
0x00007ffe24100000 - 0x00007ffe2421c000 	C:\WINDOWS\system32\RPCRT4.dll
0x00007ffe26240000 - 0x00007ffe26396000 	C:\WINDOWS\system32\USER32.dll
0x00007ffe263a0000 - 0x00007ffe26526000 	C:\WINDOWS\system32\GDI32.dll
0x00007ffe1e7d0000 - 0x00007ffe1ea44000 	C:\WINDOWS\WinSxS\amd64_microsoft.windows.common-controls_6595b64144ccf1df_6.0.10586.672_none_a2d6b3cea53ff843\COMCTL32.dll
0x00007ffe24580000 - 0x00007ffe247fd000 	C:\WINDOWS\system32\combase.dll
0x00007ffe237d0000 - 0x00007ffe2383a000 	C:\WINDOWS\system32\bcryptPrimitives.dll
0x00007ffe244d0000 - 0x00007ffe2450b000 	C:\WINDOWS\system32\IMM32.DLL
0x0000000068a00000 - 0x0000000068ad2000 	C:\Program Files\Java\jdk1.8.0_121\jre\bin\msvcr100.dll
0x0000000068ae0000 - 0x000000006937b000 	C:\Program Files\Java\jdk1.8.0_121\jre\bin\server\jvm.dll
0x00007ffe237a0000 - 0x00007ffe237c3000 	C:\WINDOWS\system32\WINMM.dll
0x00007ffe22b30000 - 0x00007ffe22b5c000 	C:\WINDOWS\system32\WINMMBASE.dll
0x00007ffe238f0000 - 0x00007ffe23933000 	C:\WINDOWS\system32\cfgmgr32.dll
0x00007ffe13e40000 - 0x00007ffe13e49000 	C:\WINDOWS\SYSTEM32\WSOCK32.dll
0x00007ffe24b80000 - 0x00007ffe24b88000 	C:\WINDOWS\system32\PSAPI.DLL
0x00007ffe239f0000 - 0x00007ffe23a5b000 	C:\WINDOWS\system32\WS2_32.dll
0x00007ffe21fa0000 - 0x00007ffe21faa000 	C:\WINDOWS\SYSTEM32\VERSION.dll
0x000000006b980000 - 0x000000006b98f000 	C:\Program Files\Java\jdk1.8.0_121\jre\bin\verify.dll
0x000000006b950000 - 0x000000006b979000 	C:\Program Files\Java\jdk1.8.0_121\jre\bin\java.dll
0x000000006b930000 - 0x000000006b946000 	C:\Program Files\Java\jdk1.8.0_121\jre\bin\zip.dll
0x00007ffe24ce0000 - 0x00007ffe2623c000 	C:\WINDOWS\system32\SHELL32.dll
0x00007ffe22bc0000 - 0x00007ffe23205000 	C:\WINDOWS\system32\windows.storage.dll
0x00007ffe24800000 - 0x00007ffe24852000 	C:\WINDOWS\system32\shlwapi.dll
0x00007ffe22af0000 - 0x00007ffe22aff000 	C:\WINDOWS\system32\kernel.appcore.dll
0x00007ffe23630000 - 0x00007ffe236e5000 	C:\WINDOWS\system32\shcore.dll
0x00007ffe235d0000 - 0x00007ffe2361b000 	C:\WINDOWS\system32\powrprof.dll
0x00007ffe22b00000 - 0x00007ffe22b14000 	C:\WINDOWS\system32\profapi.dll
0x000000006b910000 - 0x000000006b92a000 	C:\Program Files\Java\jdk1.8.0_121\jre\bin\net.dll
0x00007ffe22100000 - 0x00007ffe2215c000 	C:\WINDOWS\system32\mswsock.dll
0x000000006b8f0000 - 0x000000006b901000 	C:\Program Files\Java\jdk1.8.0_121\jre\bin\nio.dll
0x00007ffe13920000 - 0x00007ffe13932000 	C:\Users\zhuyongchun\.gradle\native\19\windows-amd64\native-platform.dll
0x00007ffe1fae0000 - 0x00007ffe1fb18000 	C:\WINDOWS\SYSTEM32\IPHLPAPI.DLL
0x00007ffe24570000 - 0x00007ffe24578000 	C:\WINDOWS\system32\NSI.dll
0x00007ffe16af0000 - 0x00007ffe16b06000 	C:\WINDOWS\SYSTEM32\dhcpcsvc6.DLL
0x00007ffe1c200000 - 0x00007ffe1c21a000 	C:\WINDOWS\SYSTEM32\dhcpcsvc.DLL
0x00007ffe221b0000 - 0x00007ffe221c7000 	C:\WINDOWS\SYSTEM32\CRYPTSP.dll
0x00007ffe21e00000 - 0x00007ffe21e34000 	C:\WINDOWS\system32\rsaenh.dll
0x00007ffe22860000 - 0x00007ffe22889000 	C:\WINDOWS\SYSTEM32\bcrypt.dll
0x00007ffe21f80000 - 0x00007ffe21f9f000 	C:\WINDOWS\SYSTEM32\USERENV.dll
0x00007ffe222d0000 - 0x00007ffe222db000 	C:\WINDOWS\SYSTEM32\CRYPTBASE.dll
0x000000006b890000 - 0x000000006b89d000 	C:\Program Files\Java\jdk1.8.0_121\jre\bin\management.dll

VM Arguments:
jvm_args: -XX:MaxPermSize=256m -XX:+HeapDumpOnOutOfMemoryError -Xmx1024m -Dfile.encoding=GBK -Duser.country=CN -Duser.language=zh -Duser.variant 
java_command: org.gradle.launcher.daemon.bootstrap.GradleDaemon 2.10
java_class_path (initial): D:\android studio\gradle\gradle-2.10\lib\gradle-launcher-2.10.jar
Launcher Type: SUN_STANDARD

Environment Variables:
JAVA_HOME=C:\Program Files\Java\jdk1.8.0_121
CLASSPATH=.;C:\Program Files\Java\jdk1.8.0_121\lib
PATH=C:\ProgramData\Oracle\Java\javapath;C:\WINDOWS\system32;C:\WINDOWS;C:\WINDOWS\System32\Wbem;C:\WINDOWS\System32\WindowsPowerShell\v1.0\;C:\Program Files\Java\jdk1.8.0_121\bin;C:\Program Files\Lenovo\Bluetooth Software\;C:\Program Files\Lenovo\Bluetooth Software\syswow64;C:\Program Files\Microsoft SQL Server\110\Tools\Binn\;C:\Program Files (x86)\Windows Kits\8.1\Windows Performance Toolkit\;D:\sdk\tools;E:\adt-bundle-windows-x86_64-20130917\sdk\platform-tools;E:\adt-bundle-windows-x86_64-20130917\sdk\tools;D:\sdk\platform-tools;E:\Git\cmd;E:\python;E:\python\Scripts;E:\python\Lib\site-packages\Django-1.11-py3.5.egg\django\bin;E:\NEMA\JRE\bin\client;E:\matlab\runtime\win64;E:\matlab\bin;E:\matlab\polyspace\bin;C:\Program Files (x86)\GtkSharp\2.12\bin;C:\Program Files\Common Files\Autodesk Shared\;C:\Program Files (x86)\Autodesk\Backburner\;e:\python\user\scripts;E:\CMAKE\bin;E:\python\User;E:\python\User\Scripts
USERNAME=zhuyongchun
OS=Windows_NT
PROCESSOR_IDENTIFIER=Intel64 Family 6 Model 60 Stepping 3, GenuineIntel



---------------  S Y S T E M  ---------------

OS: Windows 10.0 , 64 bit Build 10586 (10.0.10586.589)

CPU:total 8 (4 cores per cpu, 2 threads per core) family 6 model 60 stepping 3, cmov, cx8, fxsr, mmx, sse, sse2, sse3, ssse3, sse4.1, sse4.2, popcnt, avx, avx2, aes, clmul, erms, lzcnt, ht, tsc, tscinvbit, bmi1, bmi2

Memory: 4k page, physical 8273004k(741328k free), swap 12279776k(212k free)

vm_info: Java HotSpot(TM) 64-Bit Server VM (25.121-b13) for windows-amd64 JRE (1.8.0_121-b13), built on Dec 12 2016 18:21:36 by "java_re" with MS VC++ 10.0 (VS2010)

time: Mon May 08 19:35:41 2017
elapsed time: 12 seconds (0d 0h 0m 12s)

